# JRE version: OpenJDK Runtime Environment (8.0_152-b01) (build 1.8.0_152-release-1248-b01)
# Java VM: OpenJDK 64-Bit Server VM (25.152-b01 mixed mode windows-amd64 compressed oops)
Heap:
 PSYoungGen      total 482304K, used 211069K [0x00000000e0000000, 0x00000000ff200000, 0x0000000100000000)
  eden space 472064K, 43% used [0x00000000e0000000,0x00000000ec695290,0x00000000fcd00000)
  from space 10240K, 75% used [0x00000000fe800000,0x00000000fef8a420,0x00000000ff200000)
  to   space 18944K, 0% used [0x00000000fcd00000,0x00000000fcd00000,0x00000000fdf80000)
 ParOldGen       total 141824K, used 44055K [0x00000000a0000000, 0x00000000a8a80000, 0x00000000e0000000)
  object space 141824K, 31% used [0x00000000a0000000,0x00000000a2b05dc0,0x00000000a8a80000)
 Metaspace       used 93297K, capacity 98938K, committed 100760K, reserved 1136640K
  class space    used 11698K, capacity 12692K, committed 13216K, reserved 1048576K
GC Heap History (10 events):
Event: 1482.632 GC heap before
{Heap before GC invocations=28 (full 4):
 PSYoungGen      total 266240K, used 249609K [0x00000000e0000000, 0x00000000f6c00000, 0x0000000100000000)
  eden space 247296K, 100% used [0x00000000e0000000,0x00000000ef180000,0x00000000ef180000)
  from space 18944K, 12% used [0x00000000ef180000,0x00000000ef3c2430,0x00000000f0400000)
  to   space 19968K, 0% used [0x00000000f5880000,0x00000000f5880000,0x00000000f6c00000)
 ParOldGen       total 141824K, used 42116K [0x00000000a0000000, 0x00000000a8a80000, 0x00000000e0000000)
  object space 141824K, 29% used [0x00000000a0000000,0x00000000a29213b8,0x00000000a8a80000)
 Metaspace       used 92100K, capacity 97598K, committed 99480K, reserved 1136640K
  class space    used 11648K, capacity 12638K, committed 13216K, reserved 1048576K
Event: 1482.637 GC heap after
Heap after GC invocations=28 (full 4):
 PSYoungGen      total 344576K, used 6400K [0x00000000e0000000, 0x00000000f6800000, 0x0000000100000000)
  eden space 328704K, 0% used [0x00000000e0000000,0x00000000e0000000,0x00000000f4100000)
  from space 15872K, 40% used [0x00000000f5880000,0x00000000f5ec0090,0x00000000f6800000)
  to   space 19968K, 0% used [0x00000000f4100000,0x00000000f4100000,0x00000000f5480000)
 ParOldGen       total 141824K, used 42124K [0x00000000a0000000, 0x00000000a8a80000, 0x00000000e0000000)
  object space 141824K, 29% used [0x00000000a0000000,0x00000000a29233b8,0x00000000a8a80000)
 Metaspace       used 92100K, capacity 97598K, committed 99480K, reserved 1136640K
  class space    used 11648K, capacity 12638K, committed 13216K, reserved 1048576K
}
Event: 1484.317 GC heap before
{Heap before GC invocations=29 (full 4):
 PSYoungGen      total 344576K, used 335104K [0x00000000e0000000, 0x00000000f6800000, 0x0000000100000000)
  eden space 328704K, 100% used [0x00000000e0000000,0x00000000f4100000,0x00000000f4100000)
  from space 15872K, 40% used [0x00000000f5880000,0x00000000f5ec0090,0x00000000f6800000)
  to   space 19968K, 0% used [0x00000000f4100000,0x00000000f4100000,0x00000000f5480000)
 ParOldGen       total 141824K, used 42124K [0x00000000a0000000, 0x00000000a8a80000, 0x00000000e0000000)
  object space 141824K, 29% used [0x00000000a0000000,0x00000000a29233b8,0x00000000a8a80000)
 Metaspace       used 92337K, capacity 97994K, committed 99992K, reserved 1136640K
  class space    used 11648K, capacity 12638K, committed 13216K, reserved 1048576K
Event: 1484.328 GC heap after
Heap after GC invocations=29 (full 4):
 PSYoungGen      total 348672K, used 12013K [0x00000000e0000000, 0x00000000fb200000, 0x0000000100000000)
  eden space 328704K, 0% used [0x00000000e0000000,0x00000000e0000000,0x00000000f4100000)
  from space 19968K, 60% used [0x00000000f4100000,0x00000000f4cbb780,0x00000000f5480000)
  to   space 19456K, 0% used [0x00000000f9f00000,0x00000000f9f00000,0x00000000fb200000)
 ParOldGen       total 141824K, used 42132K [0x00000000a0000000, 0x00000000a8a80000, 0x00000000e0000000)
  object space 141824K, 29% used [0x00000000a0000000,0x00000000a29253b8,0x00000000a8a80000)
 Metaspace       used 92337K, capacity 97994K, committed 99992K, reserved 1136640K
  class space    used 11648K, capacity 12638K, committed 13216K, reserved 1048576K
}
Event: 1830.149 GC heap before
{Heap before GC invocations=30 (full 4):
 PSYoungGen      total 348672K, used 340717K [0x00000000e0000000, 0x00000000fb200000, 0x0000000100000000)
  eden space 328704K, 100% used [0x00000000e0000000,0x00000000f4100000,0x00000000f4100000)
  from space 19968K, 60% used [0x00000000f4100000,0x00000000f4cbb780,0x00000000f5480000)
  to   space 19456K, 0% used [0x00000000f9f00000,0x00000000f9f00000,0x00000000fb200000)
 ParOldGen       total 141824K, used 42132K [0x00000000a0000000, 0x00000000a8a80000, 0x00000000e0000000)
  object space 141824K, 29% used [0x00000000a0000000,0x00000000a29253b8,0x00000000a8a80000)
 Metaspace       used 92578K, capacity 98176K, committed 99992K, reserved 1136640K
  class space    used 11652K, capacity 12647K, committed 13216K, reserved 1048576K
Event: 1830.156 GC heap after
Heap after GC invocations=30 (full 4):
 PSYoungGen      total 414720K, used 5702K [0x00000000e0000000, 0x00000000fad00000, 0x0000000100000000)
  eden space 400384K, 0% used [0x00000000e0000000,0x00000000e0000000,0x00000000f8700000)
  from space 14336K, 39% used [0x00000000f9f00000,0x00000000fa491ac8,0x00000000fad00000)
  to   space 19456K, 0% used [0x00000000f8700000,0x00000000f8700000,0x00000000f9a00000)
 ParOldGen       total 141824K, used 43047K [0x00000000a0000000, 0x00000000a8a80000, 0x00000000e0000000)
  object space 141824K, 30% used [0x00000000a0000000,0x00000000a2a09d80,0x00000000a8a80000)
 Metaspace       used 92578K, capacity 98176K, committed 99992K, reserved 1136640K
  class space    used 11652K, capacity 12647K, committed 13216K, reserved 1048576K
}
Event: 1982.139 GC heap before
{Heap before GC invocations=31 (full 4):
 PSYoungGen      total 414720K, used 405972K [0x00000000e0000000, 0x00000000fad00000, 0x0000000100000000)
  eden space 400384K, 99% used [0x00000000e0000000,0x00000000f86e3690,0x00000000f8700000)
  from space 14336K, 39% used [0x00000000f9f00000,0x00000000fa491ac8,0x00000000fad00000)
  to   space 19456K, 0% used [0x00000000f8700000,0x00000000f8700000,0x00000000f9a00000)
 ParOldGen       total 141824K, used 43047K [0x00000000a0000000, 0x00000000a8a80000, 0x00000000e0000000)
  object space 141824K, 30% used [0x00000000a0000000,0x00000000a2a09d80,0x00000000a8a80000)
 Metaspace       used 92873K, capacity 98510K, committed 100248K, reserved 1136640K
  class space    used 11682K, capacity 12692K, committed 13216K, reserved 1048576K
Event: 1982.145 GC heap after
Heap after GC invocations=31 (full 4):
 PSYoungGen      total 419840K, used 5622K [0x00000000e0000000, 0x00000000ffb00000, 0x0000000100000000)
  eden space 400384K, 0% used [0x00000000e0000000,0x00000000e0000000,0x00000000f8700000)
  from space 19456K, 28% used [0x00000000f8700000,0x00000000f8c7d940,0x00000000f9a00000)
  to   space 19456K, 0% used [0x00000000fe800000,0x00000000fe800000,0x00000000ffb00000)
 ParOldGen       total 141824K, used 43655K [0x00000000a0000000, 0x00000000a8a80000, 0x00000000e0000000)
  object space 141824K, 30% used [0x00000000a0000000,0x00000000a2aa1d80,0x00000000a8a80000)
 Metaspace       used 92873K, capacity 98510K, committed 100248K, reserved 1136640K
  class space    used 11682K, capacity 12692K, committed 13216K, reserved 1048576K
}
Event: 2227.954 GC heap before
{Heap before GC invocations=32 (full 4):
 PSYoungGen      total 419840K, used 406006K [0x00000000e0000000, 0x00000000ffb00000, 0x0000000100000000)
  eden space 400384K, 100% used [0x00000000e0000000,0x00000000f8700000,0x00000000f8700000)
  from space 19456K, 28% used [0x00000000f8700000,0x00000000f8c7d940,0x00000000f9a00000)
  to   space 19456K, 0% used [0x00000000fe800000,0x00000000fe800000,0x00000000ffb00000)
 ParOldGen       total 141824K, used 43655K [0x00000000a0000000, 0x00000000a8a80000, 0x00000000e0000000)
  object space 141824K, 30% used [0x00000000a0000000,0x00000000a2aa1d80,0x00000000a8a80000)
 Metaspace       used 93180K, capacity 98858K, committed 100504K, reserved 1136640K
  class space    used 11698K, capacity 12692K, committed 13216K, reserved 1048576K
Event: 2227.964 GC heap after
Heap after GC invocations=32 (full 4):
 PSYoungGen      total 482304K, used 7721K [0x00000000e0000000, 0x00000000ff200000, 0x0000000100000000)
  eden space 472064K, 0% used [0x00000000e0000000,0x00000000e0000000,0x00000000fcd00000)
  from space 10240K, 75% used [0x00000000fe800000,0x00000000fef8a420,0x00000000ff200000)
  to   space 18944K, 0% used [0x00000000fcd00000,0x00000000fcd00000,0x00000000fdf80000)
 ParOldGen       total 141824K, used 44055K [0x00000000a0000000, 0x00000000a8a80000, 0x00000000e0000000)
  object space 141824K, 31% used [0x00000000a0000000,0x00000000a2b05dc0,0x00000000a8a80000)
 Metaspace       used 93180K, capacity 98858K, committed 100504K, reserved 1136640K
  class space    used 11698K, capacity 12692K, committed 13216K, reserved 1048576K
}

