# JRE version: OpenJDK Runtime Environment (8.0_152-b06) (build 1.8.0_152-release-1136-b06)
# Java VM: OpenJDK 64-Bit Server VM (25.152-b06 mixed mode windows-amd64 compressed oops)
Heap:
 PSYoungGen      total 478720K, used 419939K [0x00000000e0000000, 0x0000000100000000, 0x0000000100000000)
  eden space 435712K, 95% used [0x00000000e0000000,0x00000000f946a508,0x00000000fa980000)
  from space 43008K, 13% used [0x00000000fa980000,0x00000000faf2e798,0x00000000fd380000)
  to   space 43008K, 0% used [0x00000000fd600000,0x00000000fd600000,0x0000000100000000)
 ParOldGen       total 323072K, used 85995K [0x00000000a0000000, 0x00000000b3b80000, 0x00000000e0000000)
  object space 323072K, 26% used [0x00000000a0000000,0x00000000a53faca0,0x00000000b3b80000)
 Metaspace       used 95596K, capacity 99705K, committed 101336K, reserved 1136640K
  class space    used 11964K, capacity 12791K, committed 13312K, reserved 1048576K
GC Heap History (10 events):
Event: 689.345 GC heap before
{Heap before GC invocations=27 (full 4):
 PSYoungGen      total 374272K, used 337237K [0x00000000e0000000, 0x00000000f9e80000, 0x0000000100000000)
  eden space 328192K, 100% used [0x00000000e0000000,0x00000000f4080000,0x00000000f4080000)
  from space 46080K, 19% used [0x00000000f6d80000,0x00000000f7655538,0x00000000f9a80000)
  to   space 46080K, 0% used [0x00000000f4080000,0x00000000f4080000,0x00000000f6d80000)
 ParOldGen       total 323072K, used 78406K [0x00000000a0000000, 0x00000000b3b80000, 0x00000000e0000000)
  object space 323072K, 24% used [0x00000000a0000000,0x00000000a4c91ba8,0x00000000b3b80000)
 Metaspace       used 92966K, capacity 96681K, committed 98892K, reserved 1134592K
  class space    used 11683K, capacity 12499K, committed 13056K, reserved 1048576K
Event: 689.354 GC heap after
Heap after GC invocations=27 (full 4):
 PSYoungGen      total 374272K, used 10327K [0x00000000e0000000, 0x00000000ff300000, 0x0000000100000000)
  eden space 328192K, 0% used [0x00000000e0000000,0x00000000e0000000,0x00000000f4080000)
  from space 46080K, 22% used [0x00000000f4080000,0x00000000f4a95e98,0x00000000f6d80000)
  to   space 45056K, 0% used [0x00000000fc700000,0x00000000fc700000,0x00000000ff300000)
 ParOldGen       total 323072K, used 78406K [0x00000000a0000000, 0x00000000b3b80000, 0x00000000e0000000)
  object space 323072K, 24% used [0x00000000a0000000,0x00000000a4c91ba8,0x00000000b3b80000)
 Metaspace       used 92966K, capacity 96681K, committed 98892K, reserved 1134592K
  class space    used 11683K, capacity 12499K, committed 13056K, reserved 1048576K
}
Event: 689.652 GC heap before
{Heap before GC invocations=28 (full 4):
 PSYoungGen      total 374272K, used 338519K [0x00000000e0000000, 0x00000000ff300000, 0x0000000100000000)
  eden space 328192K, 100% used [0x00000000e0000000,0x00000000f4080000,0x00000000f4080000)
  from space 46080K, 22% used [0x00000000f4080000,0x00000000f4a95e98,0x00000000f6d80000)
  to   space 45056K, 0% used [0x00000000fc700000,0x00000000fc700000,0x00000000ff300000)
 ParOldGen       total 323072K, used 78406K [0x00000000a0000000, 0x00000000b3b80000, 0x00000000e0000000)
  object space 323072K, 24% used [0x00000000a0000000,0x00000000a4c91ba8,0x00000000b3b80000)
 Metaspace       used 93055K, capacity 96751K, committed 99032K, reserved 1134592K
  class space    used 11683K, capacity 12500K, committed 13056K, reserved 1048576K
Event: 689.667 GC heap after
Heap after GC invocations=28 (full 4):
 PSYoungGen      total 467968K, used 18799K [0x00000000e0000000, 0x00000000ff400000, 0x0000000100000000)
  eden space 422912K, 0% used [0x00000000e0000000,0x00000000e0000000,0x00000000f9d00000)
  from space 45056K, 41% used [0x00000000fc700000,0x00000000fd95bc98,0x00000000ff300000)
  to   space 43008K, 0% used [0x00000000f9d00000,0x00000000f9d00000,0x00000000fc700000)
 ParOldGen       total 323072K, used 78406K [0x00000000a0000000, 0x00000000b3b80000, 0x00000000e0000000)
  object space 323072K, 24% used [0x00000000a0000000,0x00000000a4c91ba8,0x00000000b3b80000)
 Metaspace       used 93055K, capacity 96751K, committed 99032K, reserved 1134592K
  class space    used 11683K, capacity 12500K, committed 13056K, reserved 1048576K
}
Event: 690.182 GC heap before
{Heap before GC invocations=29 (full 4):
 PSYoungGen      total 467968K, used 441711K [0x00000000e0000000, 0x00000000ff400000, 0x0000000100000000)
  eden space 422912K, 100% used [0x00000000e0000000,0x00000000f9d00000,0x00000000f9d00000)
  from space 45056K, 41% used [0x00000000fc700000,0x00000000fd95bc98,0x00000000ff300000)
  to   space 43008K, 0% used [0x00000000f9d00000,0x00000000f9d00000,0x00000000fc700000)
 ParOldGen       total 323072K, used 78406K [0x00000000a0000000, 0x00000000b3b80000, 0x00000000e0000000)
  object space 323072K, 24% used [0x00000000a0000000,0x00000000a4c91ba8,0x00000000b3b80000)
 Metaspace       used 93170K, capacity 96891K, committed 99288K, reserved 1136640K
  class space    used 11684K, capacity 12502K, committed 13056K, reserved 1048576K
Event: 690.193 GC heap after
Heap after GC invocations=29 (full 4):
 PSYoungGen      total 465920K, used 7137K [0x00000000e0000000, 0x00000000ffd00000, 0x0000000100000000)
  eden space 422912K, 0% used [0x00000000e0000000,0x00000000e0000000,0x00000000f9d00000)
  from space 43008K, 16% used [0x00000000f9d00000,0x00000000fa3f84b0,0x00000000fc700000)
  to   space 42496K, 0% used [0x00000000fd380000,0x00000000fd380000,0x00000000ffd00000)
 ParOldGen       total 323072K, used 83895K [0x00000000a0000000, 0x00000000b3b80000, 0x00000000e0000000)
  object space 323072K, 25% used [0x00000000a0000000,0x00000000a51edd38,0x00000000b3b80000)
 Metaspace       used 93170K, capacity 96891K, committed 99288K, reserved 1136640K
  class space    used 11684K, capacity 12502K, committed 13056K, reserved 1048576K
}
Event: 692.334 GC heap before
{Heap before GC invocations=30 (full 4):
 PSYoungGen      total 465920K, used 430049K [0x00000000e0000000, 0x00000000ffd00000, 0x0000000100000000)
  eden space 422912K, 100% used [0x00000000e0000000,0x00000000f9d00000,0x00000000f9d00000)
  from space 43008K, 16% used [0x00000000f9d00000,0x00000000fa3f84b0,0x00000000fc700000)
  to   space 42496K, 0% used [0x00000000fd380000,0x00000000fd380000,0x00000000ffd00000)
 ParOldGen       total 323072K, used 83895K [0x00000000a0000000, 0x00000000b3b80000, 0x00000000e0000000)
  object space 323072K, 25% used [0x00000000a0000000,0x00000000a51edd38,0x00000000b3b80000)
 Metaspace       used 93902K, capacity 97717K, committed 99928K, reserved 1136640K
  class space    used 11750K, capacity 12573K, committed 13184K, reserved 1048576K
Event: 692.349 GC heap after
Heap after GC invocations=30 (full 4):
 PSYoungGen      total 478208K, used 25762K [0x00000000e0000000, 0x0000000100000000, 0x0000000100000000)
  eden space 435712K, 0% used [0x00000000e0000000,0x00000000e0000000,0x00000000fa980000)
  from space 42496K, 60% used [0x00000000fd380000,0x00000000feca8998,0x00000000ffd00000)
  to   space 43008K, 0% used [0x00000000fa980000,0x00000000fa980000,0x00000000fd380000)
 ParOldGen       total 323072K, used 84630K [0x00000000a0000000, 0x00000000b3b80000, 0x00000000e0000000)
  object space 323072K, 26% used [0x00000000a0000000,0x00000000a52a5b60,0x00000000b3b80000)
 Metaspace       used 93902K, capacity 97717K, committed 99928K, reserved 1136640K
  class space    used 11750K, capacity 12573K, committed 13184K, reserved 1048576K
}
Event: 694.928 GC heap before
{Heap before GC invocations=31 (full 4):
 PSYoungGen      total 478208K, used 460957K [0x00000000e0000000, 0x0000000100000000, 0x0000000100000000)
  eden space 435712K, 99% used [0x00000000e0000000,0x00000000fa8feaf8,0x00000000fa980000)
  from space 42496K, 60% used [0x00000000fd380000,0x00000000feca8998,0x00000000ffd00000)
  to   space 43008K, 0% used [0x00000000fa980000,0x00000000fa980000,0x00000000fd380000)
 ParOldGen       total 323072K, used 84630K [0x00000000a0000000, 0x00000000b3b80000, 0x00000000e0000000)
  object space 323072K, 26% used [0x00000000a0000000,0x00000000a52a5b60,0x00000000b3b80000)
 Metaspace       used 94555K, capacity 98351K, committed 100440K, reserved 1136640K
  class space    used 11825K, capacity 12634K, committed 13184K, reserved 1048576K
Event: 694.933 GC heap after
Heap after GC invocations=31 (full 4):
 PSYoungGen      total 478720K, used 5817K [0x00000000e0000000, 0x0000000100000000, 0x0000000100000000)
  eden space 435712K, 0% used [0x00000000e0000000,0x00000000e0000000,0x00000000fa980000)
  from space 43008K, 13% used [0x00000000fa980000,0x00000000faf2e798,0x00000000fd380000)
  to   space 43008K, 0% used [0x00000000fd600000,0x00000000fd600000,0x0000000100000000)
 ParOldGen       total 323072K, used 85995K [0x00000000a0000000, 0x00000000b3b80000, 0x00000000e0000000)
  object space 323072K, 26% used [0x00000000a0000000,0x00000000a53faca0,0x00000000b3b80000)
 Metaspace       used 94555K, capacity 98351K, committed 100440K, reserved 1136640K
  class space    used 11825K, capacity 12634K, committed 13184K, reserved 1048576K
}

